<?xml version="1.0" encoding="UTF-8"?>
<!-- Generated by org.testng.reporters.JUnitReportReporter -->
<testsuite hostname="MacBook-Air-de-Felipe.local" failures="0" tests="1" name="SumValidation" time="0.431" errors="0" timestamp="2025-04-19T12:40:08 BRT" skipped="0">
  <testcase classname="SumValidation" name="sumOfCourses" time="0.431"/>
</testsuite> <!-- SumValidation -->
