<?xml version="1.0" encoding="UTF-8"?>
<!-- Generated by org.testng.reporters.JUnitReportReporter -->
<testsuite hostname="MacBook-Air-de-Felipe.local" failures="0" tests="3" name="files.DynamicJson" time="2.799" errors="0" timestamp="2025-04-20T00:51:48 BRT" skipped="0">
  <testcase classname="files.DynamicJson" name="addBook" time="0.707"/>
  <testcase classname="files.DynamicJson" name="addBook" time="1.399"/>
  <testcase classname="files.DynamicJson" name="addBook" time="0.693"/>
</testsuite> <!-- files.DynamicJson -->
